Log file open, 07/03/17 20:47:45
LogInit:Display: Running engine for game: ThirdPersonExample
LogPlatformFile: Not using cached read wrapper
LogInit:Display: RandInit(478341502) SRandInit(478341502).
LogTaskGraph: Started task graph with 5 named threads and 8 total threads with 1 sets of task threads.
LogStats: Stats thread started at 0.082485
LogPluginManager: Loaded Plugin Paper2D, From C:/Program Files/Epic Games/UE_4.14/Engine/Plugins/2D/Paper2D/Paper2D.uplugin
LogPluginManager: Loaded Plugin LightPropagationVolume, From C:/Program Files/Epic Games/UE_4.14/Engine/Plugins/Blendables/LightPropagationVolume/LightPropagationVolume.uplugin
LogPluginManager: Loaded Plugin BlankPlugin, From C:/Program Files/Epic Games/UE_4.14/Engine/Plugins/Developer/BlankPlugin/BlankPlugin.uplugin
LogPluginManager: Loaded Plugin CodeLiteSourceCodeAccess, From C:/Program Files/Epic Games/UE_4.14/Engine/Plugins/Developer/CodeLiteSourceCodeAccess/CodeLiteSourceCodeAccess.uplugin
LogPluginManager: Loaded Plugin GitSourceControl, From C:/Program Files/Epic Games/UE_4.14/Engine/Plugins/Developer/GitSourceControl/GitSourceControl.uplugin
LogPluginManager: Loaded Plugin KDevelopSourceCodeAccess, From C:/Program Files/Epic Games/UE_4.14/Engine/Plugins/Developer/KDevelopSourceCodeAccess/KDevelopSourceCodeAccess.uplugin
LogPluginManager: Loaded Plugin NullSourceCodeAccess, From C:/Program Files/Epic Games/UE_4.14/Engine/Plugins/Developer/NullSourceCodeAccess/NullSourceCodeAccess.uplugin
LogPluginManager: Loaded Plugin OneSkyLocalizationService, From C:/Program Files/Epic Games/UE_4.14/Engine/Plugins/Developer/OneSkyLocalizationService/OneSkyLocalizationService.uplugin
LogPluginManager: Loaded Plugin PerforceSourceControl, From C:/Program Files/Epic Games/UE_4.14/Engine/Plugins/Developer/PerforceSourceControl/PerforceSourceControl.uplugin
LogPluginManager: Loaded Plugin SubversionSourceControl, From C:/Program Files/Epic Games/UE_4.14/Engine/Plugins/Developer/SubversionSourceControl/SubversionSourceControl.uplugin
LogPluginManager: Loaded Plugin UObjectPlugin, From C:/Program Files/Epic Games/UE_4.14/Engine/Plugins/Developer/UObjectPlugin/UObjectPlugin.uplugin
LogPluginManager: Loaded Plugin VisualStudioSourceCodeAccess, From C:/Program Files/Epic Games/UE_4.14/Engine/Plugins/Developer/VisualStudioSourceCodeAccess/VisualStudioSourceCodeAccess.uplugin
LogPluginManager: Loaded Plugin XCodeSourceCodeAccess, From C:/Program Files/Epic Games/UE_4.14/Engine/Plugins/Developer/XCodeSourceCodeAccess/XCodeSourceCodeAccess.uplugin
LogPluginManager: Loaded Plugin AudioCapture, From C:/Program Files/Epic Games/UE_4.14/Engine/Plugins/Editor/AudioCapture/AudioCapture.uplugin
LogPluginManager: Loaded Plugin EpicSurvey, From C:/Program Files/Epic Games/UE_4.14/Engine/Plugins/Editor/EpicSurvey/EpicSurvey.uplugin
LogPluginManager: Loaded Plugin MacGraphicsSwitching, From C:/Program Files/Epic Games/UE_4.14/Engine/Plugins/Editor/MacGraphicsSwitching/MacGraphicsSwitching.uplugin
LogPluginManager: Loaded Plugin MobileLauncherProfileWizard, From C:/Program Files/Epic Games/UE_4.14/Engine/Plugins/Editor/MobileLauncherProfileWizard/MobileLauncherProfileWizard.uplugin
LogPluginManager: Loaded Plugin PluginBrowser, From C:/Program Files/Epic Games/UE_4.14/Engine/Plugins/Editor/PluginBrowser/PluginBrowser.uplugin
LogPluginManager: Loaded Plugin SpeedTreeImporter, From C:/Program Files/Epic Games/UE_4.14/Engine/Plugins/Editor/SpeedTreeImporter/SpeedTreeImporter.uplugin
LogPluginManager: Loaded Plugin SuperSearchEditor, From C:/Program Files/Epic Games/UE_4.14/Engine/Plugins/Editor/SuperSearchEditor/SuperSearchEditor.uplugin
LogPluginManager: Loaded Plugin AlembicImporter, From C:/Program Files/Epic Games/UE_4.14/Engine/Plugins/Experimental/AlembicImporter/AlembicImporter.uplugin
LogPluginManager: Loaded Plugin BlueprintStats, From C:/Program Files/Epic Games/UE_4.14/Engine/Plugins/Experimental/BlueprintStats/BlueprintStats.uplugin
LogPluginManager: Loaded Plugin CharacterAI, From C:/Program Files/Epic Games/UE_4.14/Engine/Plugins/Experimental/CharacterAI/CharacterAI.uplugin
LogPluginManager: Loaded Plugin CodeEditor, From C:/Program Files/Epic Games/UE_4.14/Engine/Plugins/Experimental/CodeEditor/CodeEditor.uplugin
LogPluginManager: Loaded Plugin CodeView, From C:/Program Files/Epic Games/UE_4.14/Engine/Plugins/Experimental/CodeView/CodeView.uplugin
LogPluginManager: Loaded Plugin HTML5Networking, From C:/Program Files/Epic Games/UE_4.14/Engine/Plugins/Experimental/HTML5Networking/HTML5Networking.uplugin
LogPluginManager: Loaded Plugin OSVR, From C:/Program Files/Epic Games/UE_4.14/Engine/Plugins/Experimental/OSVR/OSVR.uplugin
LogPluginManager: Loaded Plugin Phya, From C:/Program Files/Epic Games/UE_4.14/Engine/Plugins/Experimental/Phya/Phya.uplugin
LogPluginManager: Loaded Plugin SignificanceManager, From C:/Program Files/Epic Games/UE_4.14/Engine/Plugins/Experimental/SignificanceManager/SignificanceManager.uplugin
LogPluginManager: Loaded Plugin SimpleHMD, From C:/Program Files/Epic Games/UE_4.14/Engine/Plugins/Experimental/SimpleHMD/SimpleHMD.uplugin
LogPluginManager: Loaded Plugin StereoPanorama, From C:/Program Files/Epic Games/UE_4.14/Engine/Plugins/Experimental/StereoPanorama/StereoPanorama.uplugin
LogPluginManager: Loaded Plugin StructBox, From C:/Program Files/Epic Games/UE_4.14/Engine/Plugins/Experimental/StructBox/StructBox.uplugin
LogPluginManager: Loaded Plugin PanoramicExporter, From C:/Program Files/Epic Games/UE_4.14/Engine/Plugins/Marketplace/PanoramicExporter/PanoramicExporter.uplugin
LogPluginManager: Loaded Plugin Substance, From C:/Program Files/Epic Games/UE_4.14/Engine/Plugins/Marketplace/Substance/Substance.uplugin
LogPluginManager: Loaded Plugin AndroidMedia, From C:/Program Files/Epic Games/UE_4.14/Engine/Plugins/Media/AndroidMedia/AndroidMedia.uplugin
LogPluginManager: Loaded Plugin AvfMedia, From C:/Program Files/Epic Games/UE_4.14/Engine/Plugins/Media/AvfMedia/AvfMedia.uplugin
LogPluginManager: Loaded Plugin MediaPlayerEditor, From C:/Program Files/Epic Games/UE_4.14/Engine/Plugins/Media/MediaPlayerEditor/MediaPlayerEditor.uplugin
LogPluginManager: Loaded Plugin WmfMedia, From C:/Program Files/Epic Games/UE_4.14/Engine/Plugins/Media/WmfMedia/WmfMedia.uplugin
LogPluginManager: Loaded Plugin MessagingDebugger, From C:/Program Files/Epic Games/UE_4.14/Engine/Plugins/Messaging/MessagingDebugger/MessagingDebugger.uplugin
LogPluginManager: Loaded Plugin TcpMessaging, From C:/Program Files/Epic Games/UE_4.14/Engine/Plugins/Messaging/TcpMessaging/TcpMessaging.uplugin
LogPluginManager: Loaded Plugin UdpMessaging, From C:/Program Files/Epic Games/UE_4.14/Engine/Plugins/Messaging/UdpMessaging/UdpMessaging.uplugin
LogPluginManager: Loaded Plugin LevelSequenceEditor, From C:/Program Files/Epic Games/UE_4.14/Engine/Plugins/MovieScene/LevelSequenceEditor/LevelSequenceEditor.uplugin
LogPluginManager: Loaded Plugin MatineeToLevelSequence, From C:/Program Files/Epic Games/UE_4.14/Engine/Plugins/MovieScene/MatineeToLevelSequence/MatineeToLevelSequence.uplugin
LogPluginManager: Loaded Plugin NetcodeUnitTest, From C:/Program Files/Epic Games/UE_4.14/Engine/Plugins/NetcodeUnitTest/NetcodeUnitTest/NetcodeUnitTest.uplugin
LogPluginManager: Loaded Plugin NUTUnrealEngine4, From C:/Program Files/Epic Games/UE_4.14/Engine/Plugins/NetcodeUnitTest/NUTUnrealEngine4/NUTUnrealEngine4.uplugin
LogPluginManager: Loaded Plugin OnlineSubsystemGameCircle, From C:/Program Files/Epic Games/UE_4.14/Engine/Plugins/Online/Android/OnlineSubsystemGameCircle/OnlineSubsystemGameCircle.uplugin
LogPluginManager: Loaded Plugin OnlineSubsystemGooglePlay, From C:/Program Files/Epic Games/UE_4.14/Engine/Plugins/Online/Android/OnlineSubsystemGooglePlay/OnlineSubsystemGooglePlay.uplugin
LogPluginManager: Loaded Plugin OnlineSubsystemIOS, From C:/Program Files/Epic Games/UE_4.14/Engine/Plugins/Online/IOS/OnlineSubsystemIOS/OnlineSubsystemIOS.uplugin
LogPluginManager: Loaded Plugin OnlineFramework, From C:/Program Files/Epic Games/UE_4.14/Engine/Plugins/Online/OnlineFramework/OnlineFramework.uplugin
LogPluginManager: Loaded Plugin OnlineSubsystem, From C:/Program Files/Epic Games/UE_4.14/Engine/Plugins/Online/OnlineSubsystem/OnlineSubsystem.uplugin
LogPluginManager: Loaded Plugin OnlineSubsystemAmazon, From C:/Program Files/Epic Games/UE_4.14/Engine/Plugins/Online/OnlineSubsystemAmazon/OnlineSubsystemAmazon.uplugin
LogPluginManager: Loaded Plugin OnlineSubsystemFacebook, From C:/Program Files/Epic Games/UE_4.14/Engine/Plugins/Online/OnlineSubsystemFacebook/OnlineSubsystemFacebook.uplugin
LogPluginManager: Loaded Plugin OnlineSubsystemNull, From C:/Program Files/Epic Games/UE_4.14/Engine/Plugins/Online/OnlineSubsystemNull/OnlineSubsystemNull.uplugin
LogPluginManager: Loaded Plugin OnlineSubsystemOculus, From C:/Program Files/Epic Games/UE_4.14/Engine/Plugins/Online/OnlineSubsystemOculus/OnlineSubsystemOculus.uplugin
LogPluginManager: Loaded Plugin OnlineSubsystemSteam, From C:/Program Files/Epic Games/UE_4.14/Engine/Plugins/Online/OnlineSubsystemSteam/OnlineSubsystemSteam.uplugin
LogPluginManager: Loaded Plugin OnlineSubsystemUtils, From C:/Program Files/Epic Games/UE_4.14/Engine/Plugins/Online/OnlineSubsystemUtils/OnlineSubsystemUtils.uplugin
LogPluginManager: Loaded Plugin IOSTapJoy, From C:/Program Files/Epic Games/UE_4.14/Engine/Plugins/Runtime/Advertising/IOSTapJoy/IOSTapJoy.uplugin
LogPluginManager: Loaded Plugin AnalyticsBlueprintLibrary, From C:/Program Files/Epic Games/UE_4.14/Engine/Plugins/Runtime/Analytics/AnalyticsBlueprintLibrary/AnalyticsBlueprintLibrary.uplugin
LogPluginManager: Loaded Plugin AnalyticsMulticast, From C:/Program Files/Epic Games/UE_4.14/Engine/Plugins/Runtime/Analytics/AnalyticsMulticast/AnalyticsMulticast.uplugin
LogPluginManager: Loaded Plugin Apsalar, From C:/Program Files/Epic Games/UE_4.14/Engine/Plugins/Runtime/Analytics/Apsalar/Apsalar.uplugin
LogPluginManager: Loaded Plugin FileLogging, From C:/Program Files/Epic Games/UE_4.14/Engine/Plugins/Runtime/Analytics/FileLogging/FileLogging.uplugin
LogPluginManager: Loaded Plugin Flurry, From C:/Program Files/Epic Games/UE_4.14/Engine/Plugins/Runtime/Analytics/Flurry/Flurry.uplugin
LogPluginManager: Loaded Plugin AndroidDeviceProfileSelector, From C:/Program Files/Epic Games/UE_4.14/Engine/Plugins/Runtime/AndroidDeviceProfileSelector/AndroidDeviceProfileSelector.uplugin
LogPluginManager: Loaded Plugin AndroidMoviePlayer, From C:/Program Files/Epic Games/UE_4.14/Engine/Plugins/Runtime/AndroidMoviePlayer/AndroidMoviePlayer.uplugin
LogPluginManager: Loaded Plugin AppleMoviePlayer, From C:/Program Files/Epic Games/UE_4.14/Engine/Plugins/Runtime/AppleMoviePlayer/AppleMoviePlayer.uplugin
LogPluginManager: Loaded Plugin ArchVisCharacter, From C:/Program Files/Epic Games/UE_4.14/Engine/Plugins/Runtime/ArchVisCharacter/ArchVisCharacter.uplugin
LogPluginManager: Loaded Plugin CableComponent, From C:/Program Files/Epic Games/UE_4.14/Engine/Plugins/Runtime/CableComponent/CableComponent.uplugin
LogPluginManager: Loaded Plugin CustomMeshComponent, From C:/Program Files/Epic Games/UE_4.14/Engine/Plugins/Runtime/CustomMeshComponent/CustomMeshComponent.uplugin
LogPluginManager: Loaded Plugin ExampleDeviceProfileSelector, From C:/Program Files/Epic Games/UE_4.14/Engine/Plugins/Runtime/ExampleDeviceProfileSelector/ExampleDeviceProfileSelector.uplugin
LogPluginManager: Loaded Plugin GearVR, From C:/Program Files/Epic Games/UE_4.14/Engine/Plugins/Runtime/GearVR/GearVR.uplugin
LogPluginManager: Loaded Plugin GoogleVRController, From C:/Program Files/Epic Games/UE_4.14/Engine/Plugins/Runtime/GoogleVR/GoogleVRController/GoogleVRController.uplugin
LogPluginManager: Loaded Plugin GoogleVRHMD, From C:/Program Files/Epic Games/UE_4.14/Engine/Plugins/Runtime/GoogleVR/GoogleVRHMD/GoogleVRHMD.uplugin
LogPluginManager: Loaded Plugin IOSDeviceProfileSelector, From C:/Program Files/Epic Games/UE_4.14/Engine/Plugins/Runtime/IOSDeviceProfileSelector/IOSDeviceProfileSelector.uplugin
LogPluginManager: Loaded Plugin LeapMotion, From C:/Program Files/Epic Games/UE_4.14/Engine/Plugins/Runtime/LeapMotion/LeapMotion.uplugin
LogPluginManager: Loaded Plugin LinuxDeviceProfileSelector, From C:/Program Files/Epic Games/UE_4.14/Engine/Plugins/Runtime/LinuxDeviceProfileSelector/LinuxDeviceProfileSelector.uplugin
LogPluginManager: Loaded Plugin MIDIDevice, From C:/Program Files/Epic Games/UE_4.14/Engine/Plugins/Runtime/MIDIDevice/MIDIDevice.uplugin
LogPluginManager: Loaded Plugin MobilePatchingUtils, From C:/Program Files/Epic Games/UE_4.14/Engine/Plugins/Runtime/MobilePatchingUtils/MobilePatchingUtils.uplugin
LogPluginManager: Loaded Plugin Ansel, From C:/Program Files/Epic Games/UE_4.14/Engine/Plugins/Runtime/Nvidia/Ansel/Ansel.uplugin
LogPluginManager: Loaded Plugin OculusAudio, From C:/Program Files/Epic Games/UE_4.14/Engine/Plugins/Runtime/OculusAudio/OculusAudio.uplugin
LogPluginManager: Loaded Plugin OculusInput, From C:/Program Files/Epic Games/UE_4.14/Engine/Plugins/Runtime/OculusInput/OculusInput.uplugin
LogPluginManager: Loaded Plugin OculusLibrary, From C:/Program Files/Epic Games/UE_4.14/Engine/Plugins/Runtime/OculusLibrary/OculusLibrary.uplugin
LogPluginManager: Loaded Plugin OculusRift, From C:/Program Files/Epic Games/UE_4.14/Engine/Plugins/Runtime/OculusRift/OculusRift.uplugin
LogPluginManager: Loaded Plugin Oodle, From C:/Program Files/Epic Games/UE_4.14/Engine/Plugins/Runtime/PacketHandlers/CompressionComponents/Oodle/Oodle.uplugin
LogPluginManager: Loaded Plugin ProceduralMeshComponent, From C:/Program Files/Epic Games/UE_4.14/Engine/Plugins/Runtime/ProceduralMeshComponent/ProceduralMeshComponent.uplugin
LogPluginManager: Loaded Plugin SoundMod, From C:/Program Files/Epic Games/UE_4.14/Engine/Plugins/Runtime/SoundMod/SoundMod.uplugin
LogPluginManager: Loaded Plugin SoundVisualizations, From C:/Program Files/Epic Games/UE_4.14/Engine/Plugins/Runtime/SoundVisualizations/SoundVisualizations.uplugin
LogPluginManager: Loaded Plugin SteamController, From C:/Program Files/Epic Games/UE_4.14/Engine/Plugins/Runtime/Steam/SteamController/SteamController.uplugin
LogPluginManager: Loaded Plugin SteamVR, From C:/Program Files/Epic Games/UE_4.14/Engine/Plugins/Runtime/Steam/SteamVR/SteamVR.uplugin
LogPluginManager: Loaded Plugin WebBrowserWidget, From C:/Program Files/Epic Games/UE_4.14/Engine/Plugins/Runtime/WebBrowserWidget/WebBrowserWidget.uplugin
LogPluginManager: Loaded Plugin WindowsDeviceProfileSelector, From C:/Program Files/Epic Games/UE_4.14/Engine/Plugins/Runtime/WindowsDeviceProfileSelector/WindowsDeviceProfileSelector.uplugin
LogPluginManager: Loaded Plugin WindowsMoviePlayer, From C:/Program Files/Epic Games/UE_4.14/Engine/Plugins/Runtime/WindowsMoviePlayer/WindowsMoviePlayer.uplugin
LogPluginManager: Loaded Plugin ScriptPlugin, From C:/Program Files/Epic Games/UE_4.14/Engine/Plugins/ScriptPlugin/ScriptPlugin.uplugin
LogPluginManager: Loaded Plugin SlateRemote, From C:/Program Files/Epic Games/UE_4.14/Engine/Plugins/Slate/SlateRemote/SlateRemote.uplugin
LogPluginManager: Loaded Plugin EditorTests, From C:/Program Files/Epic Games/UE_4.14/Engine/Plugins/Tests/EditorTests/EditorTests.uplugin
LogPluginManager: Loaded Plugin FbxAutomationTestBuilder, From C:/Program Files/Epic Games/UE_4.14/Engine/Plugins/Tests/FbxAutomationTestBuilder/FbxAutomationTestBuilder.uplugin
LogPluginManager: Loaded Plugin FunctionalTestingEditor, From C:/Program Files/Epic Games/UE_4.14/Engine/Plugins/Tests/FunctionalTestingEditor/FunctionalTestingEditor.uplugin
LogPluginManager: Loaded Plugin RuntimeTests, From C:/Program Files/Epic Games/UE_4.14/Engine/Plugins/Tests/RuntimeTests/RuntimeTests.uplugin
LogPluginManager: Loaded Plugin ScreenshotTools, From C:/Program Files/Epic Games/UE_4.14/Engine/Plugins/Tests/ScreenshotTools/ScreenshotTools.uplugin
LogPluginManager: Loaded Plugin StereoPanorama, From C:/Users/nikem/ws/ue4-360-stereo-rendering/ThirdPersonExample/Plugins/StereoPanorama/StereoPanorama.uplugin
LogPluginManager: Replacing engine version of 'StereoPanorama' plugin with game version
LogInit: Using libcurl 7.47.1
LogInit:  - built for x86_64-pc-win32
LogInit:  - supports SSL with OpenSSL/1.0.2g
LogInit:  - supports HTTP deflate (compression) using libz 1.2.8
LogInit:  - other features:
LogInit:      CURL_VERSION_SSL
LogInit:      CURL_VERSION_LIBZ
LogInit:      CURL_VERSION_IPV6
LogInit:      CURL_VERSION_ASYNCHDNS
LogInit:      CURL_VERSION_LARGEFILE
LogInit:      CURL_VERSION_IDN
LogInit:  CurlRequestOptions (configurable via config and command line):
LogInit:  - bVerifyPeer = false  - Libcurl will NOT verify peer certificate
LogInit:  - bUseHttpProxy = false  - Libcurl will NOT use HTTP proxy
LogInit:  - bDontReuseConnections = false  - Libcurl will reuse connections
LogInit:  - CertBundlePath = nullptr  - Libcurl will use whatever was configured at build time.
LogInit: Build: ++UE4+Release-4.14-CL-3249277
LogInit: Engine Version: 4.14.3-3249277+++UE4+Release-4.14
LogInit: Compatible Engine Version: 4.14.0-3195953+++UE4+Release-4.14
LogInit: Net CL: 3195953
LogDevObjectVersion: Number of dev versions registered: 13
LogDevObjectVersion:   Dev-Blueprints (B0D832E4-1F89-4F0D-ACCF-7EB736FD4AA2): 7
LogDevObjectVersion:   Dev-Build (E1C64328-A22C-4D53-A36C-8E866417BD8C): 0
LogDevObjectVersion:   Dev-Core (375EC13C-06E4-48FB-B500-84F0262A717E): 1
LogDevObjectVersion:   Dev-Editor (E4B068ED-F494-42E9-A231-DA0B2E46BB41): 8
LogDevObjectVersion:   Dev-Framework (CFFC743F-43B0-4480-9391-14DF171D2073): 17
LogDevObjectVersion:   Dev-Mobile (B02B49B5-BB20-44E9-A304-32B752E40360): 0
LogDevObjectVersion:   Dev-Networking (A4E4105C-59A1-49B5-A7C5-40C4547EDFEE): 0
LogDevObjectVersion:   Dev-Online (39C831C9-5AE6-47DC-9A44-9C173E1C8E7C): 0
LogDevObjectVersion:   Dev-Physics (78F01B33-EBEA-4F98-B9B4-84EACCB95AA2): 0
LogDevObjectVersion:   Dev-Platform (6631380F-2D4D-43E0-8009-CF276956A95A): 0
LogDevObjectVersion:   Dev-Rendering (12F88B9F-8875-4AFC-A67C-D90C383ABD29): 12
LogDevObjectVersion:   Dev-Sequencer (7B5AE74C-D270-4C10-A958-57980B212A5A): 1
LogDevObjectVersion:   Dev-VR (D7296918-1DD6-4BDD-9DE2-64A83CC13884): 0
LogInit: Compiled (64-bit): Jan  6 2017 10:49:43
LogInit: Compiled with Visual C++: 19.00.23026.00
LogInit: Build Configuration: Development
LogInit: Branch Name: ++UE4+Release-4.14
LogInit: Command line: 
LogInit: Base directory: C:/Program Files/Epic Games/UE_4.14/Engine/Binaries/Win64/
LogInit: Installed Engine Build: 1
LogInit: Presizing for max 8388607 objects, including 0 objects not considered by GC, pre-allocating 0 bytes for permanent pool.
LogInit: Object subsystem initialized
[2017.07.03-11.47.46:588][  0]LogInit: Selected Device Profile: [Windows]
[2017.07.03-11.47.46:588][  0]LogInit: Applying CVar settings loaded from the selected device profile: [Windows]
[2017.07.03-11.47.46:601][  0]LogInit: Computer: DESKTOP-NNFO4FT
[2017.07.03-11.47.46:601][  0]LogInit: User: nikem
[2017.07.03-11.47.46:601][  0]LogInit: CPU Page size=65536, Cores=4
[2017.07.03-11.47.46:601][  0]LogInit: High frequency timer resolution =2.742191 MHz
[2017.07.03-11.47.46:602][  0]LogMemory: Memory total: Physical=31.9GB (32GB approx)
[2017.07.03-11.47.46:602][  0]LogMemory: Platform Memory Stats for Windows
[2017.07.03-11.47.46:602][  0]LogMemory: Process Physical Memory: 265.66 MB used, 265.66 MB peak
[2017.07.03-11.47.46:602][  0]LogMemory: Process Virtual Memory: 262.32 MB used, 262.32 MB peak
[2017.07.03-11.47.46:602][  0]LogMemory: Physical Memory: 15877.20 MB used,  16742.77 MB free, 32619.97 MB total
[2017.07.03-11.47.46:602][  0]LogMemory: Virtual Memory: 709.27 MB used,  16742.77 MB free, 134217728.00 MB total
[2017.07.03-11.47.46:659][  0]LogTextLocalizationManager: No specific translations for ('ko-KR') exist, so ('ko') translations will be used.
[2017.07.03-11.47.46:699][  0]LogTextLocalizationManager:Warning: Loaded localization resources contain conflicting entries for (Namespace:KismetSchema, Key:Default):
Localization Resource: (C:/Program Files/Epic Games/UE_4.14/Engine/Content/Localization/EditorTutorials/ko/EditorTutorials.locres) Source String Hash: (940523119) Localized String: (디폴트)
Localization Resource: (C:/Program Files/Epic Games/UE_4.14/Engine/Content/Localization/Engine/ko/Engine.locres) Source String Hash: (940523119) Localized String: (기본)
[2017.07.03-11.47.46:700][  0]LogTextLocalizationManager:Warning: Loaded localization resources contain conflicting entries for (Namespace:UObjectToolTips, Key:AnimNode_AssetPlayerBase:InternalTimeAccumulator):
Localization Resource: (C:/Program Files/Epic Games/UE_4.14/Engine/Content/Localization/EditorTutorials/ko/EditorTutorials.locres) Source String Hash: (502993589) Localized String: (이 노드에서 애셋을 레퍼런싱하는 데 사용되는 누적 시간입니다.)
Localization Resource: (C:/Program Files/Epic Games/UE_4.14/Engine/Content/Localization/Engine/ko/Engine.locres) Source String Hash: (502993589) Localized String: (이 노드에서 애셋을 레퍼런싱하는 데 사용된 누적 시간입니다.)
[2017.07.03-11.47.46:700][  0]LogTextLocalizationManager:Warning: Loaded localization resources contain conflicting entries for (Namespace:UObjectToolTips, Key:AnimNode_AssetPlayerBase:bIgnoreForRelevancyTest):
Localization Resource: (C:/Program Files/Epic Games/UE_4.14/Engine/Content/Localization/EditorTutorials/ko/EditorTutorials.locres) Source String Hash: (319969718) Localized String: (True 면, 스테이트에서 최고 가중치 애니메이션을 찾는 "Relevant anim" 노드는 이 노드를 무시합니다.
 )
Localization Resource: (C:/Program Files/Epic Games/UE_4.14/Engine/Content/Localization/Engine/ko/Engine.locres) Source String Hash: (319969718) Localized String: (True 면 스테이트 내 최고 웨이팅된 애니메이션을 찾는 "Relevant anim" 노드가 무시됩니다.
 )
[2017.07.03-11.47.46:700][  0]LogTextLocalizationManager:Warning: Loaded localization resources contain conflicting entries for (Namespace:UObjectToolTips, Key:AnimNode_AssetPlayerBase:BlendWeight):
Localization Resource: (C:/Program Files/Epic Games/UE_4.14/Engine/Content/Localization/EditorTutorials/ko/EditorTutorials.locres) Source String Hash: (-1232800293) Localized String: (이 노드에 마지막 걸린 블렌드웨이트 입니다.)
Localization Resource: (C:/Program Files/Epic Games/UE_4.14/Engine/Content/Localization/Engine/ko/Engine.locres) Source String Hash: (-1232800293) Localized String: (이 노드에 대해 마지막 접한 블렌드 웨이트)
[2017.07.03-11.47.47:306][  0]LogD3D11RHI: D3D11 adapters:
[2017.07.03-11.47.47:395][  0]LogD3D11RHI:    0. 'NVIDIA GeForce GTX 1050' (Feature Level 11_0)
[2017.07.03-11.47.47:395][  0]LogD3D11RHI:       4031/0/16309 MB DedicatedVideo/DedicatedSystem/SharedSystem, Outputs:1, VendorId:0x10de
[2017.07.03-11.47.47:407][  0]LogD3D11RHI:    1. 'Intel(R) HD Graphics 630' (Feature Level 11_0)
[2017.07.03-11.47.47:407][  0]LogD3D11RHI:       128/0/16309 MB DedicatedVideo/DedicatedSystem/SharedSystem, Outputs:0, VendorId:0x8086
[2017.07.03-11.47.47:410][  0]LogD3D11RHI:    2. 'Microsoft Basic Render Driver' (Feature Level 11_0)
[2017.07.03-11.47.47:410][  0]LogD3D11RHI:       0/0/16309 MB DedicatedVideo/DedicatedSystem/SharedSystem, Outputs:0, VendorId:0x1414
[2017.07.03-11.47.47:410][  0]LogD3D11RHI: Chosen D3D11 Adapter: 0
[2017.07.03-11.47.47:427][  0]LogD3D11RHI: Creating new Direct3DDevice
[2017.07.03-11.47.47:427][  0]LogD3D11RHI:     GPU DeviceId: 0x1c8d (for the marketing name, search the web for "GPU Device Id")
[2017.07.03-11.47.47:427][  0]LogWindows: EnumDisplayDevices:
[2017.07.03-11.47.47:428][  0]LogWindows:    0. 'Intel(R) HD Graphics 630' (P:1 D:1)
[2017.07.03-11.47.47:429][  0]LogWindows:    1. 'Intel(R) HD Graphics 630' (P:0 D:0)
[2017.07.03-11.47.47:429][  0]LogWindows:    2. 'Intel(R) HD Graphics 630' (P:0 D:0)
[2017.07.03-11.47.47:430][  0]LogWindows: DebugString: GetVideoDriverDetailsInvalid PrimaryIsNotTheChoosenAdapter GetVideoDriverDetailsInvalid PrimaryIsNotTheChoosenAdapter GetVideoDriverDetailsInvalid PrimaryIsNotTheChoosenAdapter FoundDriverCount:0 
[2017.07.03-11.47.47:430][  0]LogD3D11RHI:     Adapter Name: NVIDIA GeForce GTX 1050
[2017.07.03-11.47.47:430][  0]LogD3D11RHI:   Driver Version: Unknown (internal:Unknown, unified:Unknown)
[2017.07.03-11.47.47:430][  0]LogD3D11RHI:      Driver Date: Unknown
[2017.07.03-11.47.47:430][  0]LogRHI: Texture pool is 1361 MB (70% of 1945 MB)
[2017.07.03-11.47.47:465][  0]LogD3D11RHI: Async texture creation enabled
[2017.07.03-11.47.47:477][  0]LogD3D11RHI: GPU Timing Frequency: 1000.000000 (Debug: 2 1)
[2017.07.03-11.47.47:478][  0]LogShaderCompilers: Guid format shader working directory is -31 characters bigger than the processId version (../../../../../../Users/nikem/ws/ue4-360-stereo-rendering/ThirdPersonExample/Intermediate/Shaders/WorkingDirectory/27012/).
[2017.07.03-11.47.47:478][  0]LogShaderCompilers: Cleaned the shader compiler working directory 'C:/Users/nikem/AppData/Local/Temp/UnrealShaderWorkingDir/759D973741FAF4DA27BF1E8CE93A3938/'.
[2017.07.03-11.47.47:478][  0]LogShaderCompilers:Display: Using Local Shader Compiler.
[2017.07.03-11.47.48:878][  0]LogTemp:Display: Loaded TP AllDesktopTargetPlatform
[2017.07.03-11.47.49:013][  0]LogTemp:Display: Loaded TP MacClientTargetPlatform
[2017.07.03-11.47.49:197][  0]LogTemp:Display: Loaded TP MacNoEditorTargetPlatform
[2017.07.03-11.47.49:296][  0]LogTemp:Display: Loaded TP MacServerTargetPlatform
[2017.07.03-11.47.49:403][  0]LogTemp:Display: Loaded TP MacTargetPlatform
[2017.07.03-11.47.49:505][  0]LogTemp:Display: Loaded TP WindowsClientTargetPlatform
[2017.07.03-11.47.49:613][  0]LogTemp:Display: Loaded TP WindowsNoEditorTargetPlatform
[2017.07.03-11.47.49:735][  0]LogTemp:Display: Loaded TP WindowsServerTargetPlatform
[2017.07.03-11.47.49:946][  0]LogTemp:Display: Loaded TP WindowsTargetPlatform
[2017.07.03-11.47.50:139][  0]LogTemp:Display: Loaded TP AndroidTargetPlatform
[2017.07.03-11.47.50:241][  0]LogTemp:Display: Loaded TP Android_ASTCTargetPlatform
[2017.07.03-11.47.50:347][  0]LogTemp:Display: Loaded TP Android_ATCTargetPlatform
[2017.07.03-11.47.50:459][  0]LogTemp:Display: Loaded TP Android_DXTTargetPlatform
[2017.07.03-11.47.50:583][  0]LogTemp:Display: Loaded TP Android_ETC1TargetPlatform
[2017.07.03-11.47.50:694][  0]LogTemp:Display: Loaded TP Android_ETC2TargetPlatform
[2017.07.03-11.47.50:926][  0]LogTemp:Display: Loaded TP Android_MultiTargetPlatform
[2017.07.03-11.47.50:926][  0]LogTemp:Display: Loaded TP Android_PVRTCTargetPlatform
[2017.07.03-11.47.51:022][  0]LogTemp:Display: Loaded TP HTML5TargetPlatform
[2017.07.03-11.47.51:195][  0]LogTemp:Display: Loaded TP IOSTargetPlatform
[2017.07.03-11.47.51:259][  0]LogTemp:Display: Loaded TP TVOSTargetPlatform
[2017.07.03-11.47.51:367][  0]LogTemp:Display: Loaded TP LinuxClientTargetPlatform
[2017.07.03-11.47.51:474][  0]LogTemp:Display: Loaded TP LinuxNoEditorTargetPlatform
[2017.07.03-11.47.51:573][  0]LogTemp:Display: Loaded TP LinuxServerTargetPlatform
[2017.07.03-11.47.51:673][  0]LogTemp:Display: Loaded TP LinuxTargetPlatform
[2017.07.03-11.47.51:673][  0]LogTargetPlatformManager:Display: Building Assets For Windows
[2017.07.03-11.47.54:447][  0]LogDerivedDataCache:Display: Max Cache Size: 512 MB
[2017.07.03-11.47.54:487][  0]LogDerivedDataCache: Loaded boot cache 0.04s 50MB C:/Users/nikem/AppData/Local/UnrealEngine/4.14/DerivedDataCache/Boot.ddc.
[2017.07.03-11.47.54:487][  0]LogDerivedDataCache:Display: Loaded Boot cache: C:/Users/nikem/AppData/Local/UnrealEngine/4.14/DerivedDataCache/Boot.ddc
[2017.07.03-11.47.54:487][  0]LogDerivedDataCache: FDerivedDataBackendGraph:  Pak pak cache file ../../../../../../Users/nikem/ws/ue4-360-stereo-rendering/ThirdPersonExample/DerivedDataCache/DDC.ddp not found, will not use a pak cache.
[2017.07.03-11.47.54:487][  0]LogDerivedDataCache: Unable to find inner node Pak for hierarchical cache Hierarchy.
[2017.07.03-11.47.54:487][  0]LogDerivedDataCache: FDerivedDataBackendGraph:  CompressedPak pak cache file ../../../../../../Users/nikem/ws/ue4-360-stereo-rendering/ThirdPersonExample/DerivedDataCache/Compressed.ddp not found, will not use a pak cache.
[2017.07.03-11.47.54:487][  0]LogDerivedDataCache: Unable to find inner node CompressedPak for hierarchical cache Hierarchy.
[2017.07.03-11.47.54:501][  0]LogDerivedDataCache:Display: Pak cache opened for reading ../../../Engine/DerivedDataCache/Compressed.ddp.
[2017.07.03-11.47.54:514][  0]LogDerivedDataCache: Using Local data cache path C:/Users/nikem/AppData/Local/UnrealEngine/Common/DerivedDataCache: Writable
[2017.07.03-11.47.54:742][  0]LogInit: Selected Device Profile: [Windows]
[2017.07.03-11.47.54:745][  0]LogContentStreaming: Texture pool size is 0.00 MB
[2017.07.03-11.47.55:085][  0]LogMeshUtilities: Using QuadricMeshReduction for automatic static mesh reduction
[2017.07.03-11.47.55:176][  0]LogSimplygon: Simplygon DLL not present - disabling.
[2017.07.03-11.47.55:276][  0]LogMeshUtilities: Using SimplygonSwarm for distributed automatic mesh merging
[2017.07.03-11.47.55:276][  0]LogMeshUtilities: No automatic skeletal mesh reduction module available
[2017.07.03-11.47.55:276][  0]LogMeshUtilities: No automatic mesh merging module available
[2017.07.03-11.47.55:867][  0]LogNetVersion: GetLocalNetworkVersion: CL: 3195953, ProjectName: thirdpersonexample, ProjectVersion: , EngineNetworkVersion: 2, GameNetworkVersion: 0, NetworkChecksum: 25382818
[2017.07.03-11.47.55:950][  0]LogAssetRegistry: FAssetRegistry took 0.0214 seconds to start up
[2017.07.03-11.47.56:043][  0]LogPackageLocalizationCache: Processed 3 localized package path(s) for 2 prioritized culture(s) in 0.041125 seconds
[2017.07.03-11.47.56:049][  0]LogUObjectArray: 31946 objects as part of root set at end of initial load.
[2017.07.03-11.47.56:049][  0]LogUObjectAllocator: 6935848 out of 0 bytes used by permanent object pool.
[2017.07.03-11.47.56:049][  0]LogUObjectArray: CloseDisregardForGC: 0/0 objects in disregard for GC pool
[2017.07.03-11.47.56:193][  0]LogInit: WinSock: version 1.1 (2.2), MaxSocks=32767, MaxUdp=65467
[2017.07.03-11.47.57:776][  0]LogSlate: Using Freetype 2.6.0
[2017.07.03-11.47.57:776][  0]LogSlate: SlateFontCache - WITH_FREETYPE: 1, WITH_HARFBUZZ: 1
[2017.07.03-11.47.57:776][  0]LogSlate: SlateFontCache - WITH_FREETYPE: 1, WITH_HARFBUZZ: 1
[2017.07.03-11.47.58:950][  0]LogTcpMessaging: Initializing TcpMessaging bridge
[2017.07.03-11.47.59:018][  0]LogUdpMessaging: Initializing bridge on interface 0.0.0.0:0 to multicast group 230.0.0.1:6666.
[2017.07.03-11.47.59:775][  0]LogMaterial: Uniform references updated for custom material expression Custom.
[2017.07.03-11.48.00:642][  0]SourceControl: 정보 소스 콘트롤이 꺼졌습니다.
[2017.07.03-11.48.00:711][  0]SourceControl: 정보 소스 콘트롤이 꺼졌습니다.
[2017.07.03-11.48.00:825][  0]SourceControl: 정보 소스 콘트롤이 꺼졌습니다.
[2017.07.03-11.48.00:922][  0]SourceControl: 정보 소스 콘트롤이 꺼졌습니다.
[2017.07.03-11.48.03:712][  0]LogEngine: Initializing Engine...
[2017.07.03-11.48.03:749][  0]LogHMD: Failed to initialize OpenVR with code 126
[2017.07.03-11.48.04:129][  0]LogAIModule: Creating AISystem for world Untitled
[2017.07.03-11.48.04:149][  0]LogInit: XAudio2 using '스피커 / 헤드폰(Realtek Audio)' : 2 channels at 48 kHz using 32 bits per sample (channel mask 0x3)
[2017.07.03-11.48.04:191][  0]LogInit: FAudioDevice initialized.
[2017.07.03-11.48.04:217][  0]LogDerivedDataCache: Saved boot cache 0.03s 50MB C:/Users/nikem/AppData/Local/UnrealEngine/4.14/DerivedDataCache/Boot.ddc.
[2017.07.03-11.48.04:220][  0]LogInit: Texture streaming: Enabled
[2017.07.03-11.48.04:607][  0]LogInit: Transaction tracking system initialized
[2017.07.03-11.48.05:358][  0]BlueprintLog: New page: 에디터 로드
[2017.07.03-11.48.07:284][  0]LocalizationService: 정보 현지화 서비스가 비활성화되었습니다.
[2017.07.03-11.48.08:658][  0]LogConsoleResponse:Display: 
[2017.07.03-11.48.08:848][  0]LogCook:Display: Max memory allowance for cook 16384mb min free memory 0mb
[2017.07.03-11.48.08:848][  0]LogCook:Display: Mobile HDR setting 1
[2017.07.03-11.48.09:669][  0]LogFileCache: Scanning file cache for directory 'C:/Users/nikem/ws/ue4-360-stereo-rendering/ThirdPersonExample/Content/' took 0.02s
[2017.07.03-11.48.10:936][  0]SourceControl: 정보 소스 콘트롤이 꺼졌습니다.
[2017.07.03-11.48.10:936][  0]Cmd: MAP LOAD FILE="../../../../../../Users/nikem/ws/ue4-360-stereo-rendering/ThirdPersonExample/Content/ThirdPersonBP/Maps/ThirdPersonExampleMap.umap" TEMPLATE=0 SHOWPROGRESS=1 FEATURELEVEL=3
[2017.07.03-11.48.10:937][  0]LightingResults: New page: 라이팅 빌드
[2017.07.03-11.48.11:029][  0]MapCheck: New page: 맵 체크
[2017.07.03-11.48.11:029][  0]LightingResults: New page: 라이팅 빌드
[2017.07.03-11.48.11:480][  0]LogAIModule: Creating AISystem for world ThirdPersonExampleMap
[2017.07.03-11.48.11:489][  0]LogEditorServer: Finished looking for orphan Actors (0.000 secs)
[2017.07.03-11.48.11:490][  0]Cmd: MAP CHECKDEP NOCLEARLOG
[2017.07.03-11.48.11:580][  0]MapCheck: 정보 맵 체크 완료: 오류 0 회, 경고 0 회, 소요 시간 90.428ms.
[2017.07.03-11.48.11:580][  0]LogFileHelpers: Loading map 'ThirdPersonExampleMap' took 0.644
[2017.07.03-11.48.11:662][  0]LogWindowsTextInputMethodSystem:Display: IME system now activated using TSF (Microsoft 입력기).
[2017.07.03-11.48.11:664][  0]LogWindowsTextInputMethodSystem:Display: IME system now activated using TSF (Microsoft 입력기).
[2017.07.03-11.48.11:776][  0]LogCollectionManager: Loaded 0 collections in 0.001467 seconds
[2017.07.03-11.48.11:909][  0]LogFileCache: Scanning file cache for directory 'C:/Users/nikem/ws/ue4-360-stereo-rendering/ThirdPersonExample/Saved/Collections/' took 0.01s
[2017.07.03-11.48.11:909][  0]LogFileCache: Scanning file cache for directory 'C:/Users/nikem/ws/ue4-360-stereo-rendering/ThirdPersonExample/Content/Developers/nikem/Collections/' took 0.01s
[2017.07.03-11.48.11:909][  0]LogFileCache: Scanning file cache for directory 'C:/Users/nikem/ws/ue4-360-stereo-rendering/ThirdPersonExample/Content/Collections/' took 0.01s
[2017.07.03-11.48.11:909][  0]LogCollectionManager: Rebuilt the GUID cache for 0 collections in 0.000001 seconds
[2017.07.03-11.48.11:917][  0]LogContentBrowser: Native class hierarchy populated in 0.0082 seconds. Added 2193 classes and 432 folders.
[2017.07.03-11.48.12:031][  0]LogStats: UGameplayTagsManager::ConstructGameplayTagTree: Construct from data asset -  0.000 s
[2017.07.03-11.48.12:031][  0]LogStats: UGameplayTagsManager::ConstructGameplayTagTree: GameplayTagTreeChangedEvent.Broadcast -  0.000 s
[2017.07.03-11.48.12:032][  0]LogContentBrowser: Native class hierarchy updated for 'GameplayTags' in 0.0006 seconds. Added 13 classes and 0 folders.
[2017.07.03-11.48.12:183][  0]LogContentBrowser: Native class hierarchy updated for 'WidgetCarousel' in 0.0005 seconds. Added 0 classes and 0 folders.
[2017.07.03-11.48.12:256][  0]LogContentBrowser: Native class hierarchy updated for 'AddContentDialog' in 0.0005 seconds. Added 0 classes and 0 folders.
[2017.07.03-11.48.12:346][  0]LogContentBrowser: Native class hierarchy updated for 'SceneOutliner' in 0.0005 seconds. Added 1 classes and 2 folders.
[2017.07.03-11.48.12:423][  0]LogCrashTracker: Crashtracker disabled due to settings.
[2017.07.03-11.48.12:465][  0]LogUObjectGlobals:Warning: 'Class 없음.' 오브젝트를 찾는 데 실패했습니다.
[2017.07.03-11.48.12:634][  0]LogContentBrowser: Native class hierarchy updated for 'HierarchicalLODOutliner' in 0.0005 seconds. Added 1 classes and 2 folders.
[2017.07.03-11.48.12:634][  0]LogLoad: (Engine Initialization) Total time: 28.46 seconds
[2017.07.03-11.48.12:634][  0]LogLoad: (Engine Initialization) Total Blueprint compile time: 0.22 seconds
[2017.07.03-11.48.12:634][  0]LogExternalProfiler: No external profilers were discovered.  External profiling features will not be available.
[2017.07.03-11.48.12:672][  0]LogOcInput: OculusInput pre-init called
[2017.07.03-11.48.12:698][  0]LogContentStreaming: Texture pool size now 1000 MB
[2017.07.03-11.48.13:222][  0]LogRenderer: Reallocating scene render targets to support 964x484 NumSamples 1 (Frame:2).
[2017.07.03-11.48.13:306][  1]LogAssetRegistry: Asset discovery search completed in 17.3770 seconds
[2017.07.03-11.48.13:306][  1]LogCollectionManager: Rebuilt the object cache for 0 collections in 0.000000 seconds (found 0 objects)
[2017.07.03-11.48.13:306][  1]LogCollectionManager: Fixed up redirectors for 0 collections in 0.000012 seconds (updated 0 objects)
[2017.07.03-11.48.15:192][108]LogDirectoryWatcher: A directory notification for '../../../Engine/Plugins/' was aborted.
[2017.07.03-11.48.15:192][108]LogDirectoryWatcher: A directory notification for '../../../../../../Users/nikem/ws/ue4-360-stereo-rendering/ThirdPersonExample/Plugins/' was aborted.
[2017.07.03-11.48.43:011][276]LogEditorViewport: Clicking on Actor (LMB): StaticMeshActor (Floor)
[2017.07.03-11.49.52:474][ 61]LogDirectoryWatcher: A directory notification for '../../../Engine/Plugins/' was aborted.
[2017.07.03-11.49.52:474][ 61]LogDirectoryWatcher: A directory notification for '../../../../../../Users/nikem/ws/ue4-360-stereo-rendering/ThirdPersonExample/Plugins/' was aborted.
